c:\work\encore\x64\debug\glew32d.dll
c:\work\encore\x64\debug\sdl2d.dll
c:\work\encore\app\x64\debug\vc143.pdb
c:\work\encore\app\x64\debug\vc143.idb
c:\work\encore\app\x64\debug\binary_to_compressed_c.obj
c:\work\encore\app\x64\debug\imgui_widgets.obj
c:\work\encore\app\x64\debug\imgui_tables.obj
c:\work\encore\app\x64\debug\imgui_draw.obj
c:\work\encore\app\x64\debug\imgui_demo.obj
c:\work\encore\app\x64\debug\imgui.obj
c:\work\encore\app\x64\debug\imgui_impl_sdl2.obj
c:\work\encore\app\x64\debug\imgui_impl_opengl3.obj
c:\work\encore\app\x64\debug\main.obj
c:\work\encore\x64\debug\app.exe
c:\work\encore\x64\debug\app.pdb
c:\work\encore\app\x64\debug\app.ilk
c:\work\encore\app\x64\debug\app.tlog\app.write.1u.tlog
c:\work\encore\app\x64\debug\app.tlog\cl.command.1.tlog
c:\work\encore\app\x64\debug\app.tlog\cl.items.tlog
c:\work\encore\app\x64\debug\app.tlog\cl.read.1.tlog
c:\work\encore\app\x64\debug\app.tlog\cl.write.1.tlog
c:\work\encore\app\x64\debug\app.tlog\link.command.1.tlog
c:\work\encore\app\x64\debug\app.tlog\link.read.1.tlog
c:\work\encore\app\x64\debug\app.tlog\link.secondary.1.tlog
c:\work\encore\app\x64\debug\app.tlog\link.write.1.tlog
