c:\work\encore\intermediate\debug-windows-x86_64\encore_app\vc143.pdb
c:\work\encore\intermediate\debug-windows-x86_64\encore_app\vc143.idb
c:\work\encore\intermediate\debug-windows-x86_64\encore_app\imgui.obj
c:\work\encore\intermediate\debug-windows-x86_64\encore_app\imgui_impl_sdl2.obj
c:\work\encore\intermediate\debug-windows-x86_64\encore_app\imgui_impl_opengl3.obj
c:\work\encore\intermediate\debug-windows-x86_64\encore_app\string_factory.obj
c:\work\encore\intermediate\debug-windows-x86_64\encore_app\profiler_section.obj
c:\work\encore\intermediate\debug-windows-x86_64\encore_app\profiler.obj
c:\work\encore\intermediate\debug-windows-x86_64\encore_app\main.obj
c:\work\encore\intermediate\debug-windows-x86_64\encore_app\window_handler.obj
c:\work\encore\intermediate\debug-windows-x86_64\encore_app\texture_manager.obj
c:\work\encore\intermediate\debug-windows-x86_64\encore_app\texture.obj
c:\work\encore\intermediate\debug-windows-x86_64\encore_app\sprite_renderer.obj
c:\work\encore\intermediate\debug-windows-x86_64\encore_app\sprite.obj
c:\work\encore\intermediate\debug-windows-x86_64\encore_app\shader.obj
c:\work\encore\intermediate\debug-windows-x86_64\encore_app\rendering_engine.obj
c:\work\encore\intermediate\debug-windows-x86_64\encore_app\camera_2d.obj
c:\work\encore\intermediate\debug-windows-x86_64\encore_app\game_engine.obj
c:\work\encore\intermediate\debug-windows-x86_64\encore_app\entity.obj
c:\work\encore\intermediate\debug-windows-x86_64\encore_app\editor.obj
c:\work\encore\intermediate\debug-windows-x86_64\encore_app\sprite2d_component.obj
c:\work\encore\intermediate\debug-windows-x86_64\encore_app\move_component.obj
c:\work\encore\intermediate\debug-windows-x86_64\encore_app\implot_items.obj
c:\work\encore\intermediate\debug-windows-x86_64\encore_app\implot_demo.obj
c:\work\encore\intermediate\debug-windows-x86_64\encore_app\implot.obj
c:\work\encore\intermediate\debug-windows-x86_64\encore_app\imgui_widgets.obj
c:\work\encore\intermediate\debug-windows-x86_64\encore_app\imgui_tables.obj
c:\work\encore\intermediate\debug-windows-x86_64\encore_app\imgui_draw.obj
c:\work\encore\intermediate\debug-windows-x86_64\encore_app\imgui_demo.obj
c:\work\encore\bin\debug-windows-x86_64\encore_app\sdl2d.dll
c:\work\encore\bin\debug-windows-x86_64\encore_app\glew32d.dll
c:\work\encore\bin\debug-windows-x86_64\encore_app\encore_app.exe
c:\work\encore\bin\debug-windows-x86_64\encore_app\encore_app.pdb
c:\work\encore\intermediate\debug-windows-x86_64\encore_app\encore_app.ilk
c:\work\encore\encore_app\..\bin\debug-windows-x86_64\encore_app\encore_app.pdb
c:\work\encore\encore_app\..\intermediate\debug-windows-x86_64\encore_app\encore_app.vcxproj.filelistabsolute.txt
c:\work\encore\intermediate\debug-windows-x86_64\encore_app\encore_app.tlog\cl.command.1.tlog
c:\work\encore\intermediate\debug-windows-x86_64\encore_app\encore_app.tlog\cl.items.tlog
c:\work\encore\intermediate\debug-windows-x86_64\encore_app\encore_app.tlog\cl.read.1.tlog
c:\work\encore\intermediate\debug-windows-x86_64\encore_app\encore_app.tlog\cl.write.1.tlog
c:\work\encore\intermediate\debug-windows-x86_64\encore_app\encore_app.tlog\encore_app.write.1u.tlog
c:\work\encore\intermediate\debug-windows-x86_64\encore_app\encore_app.tlog\link.command.1.tlog
c:\work\encore\intermediate\debug-windows-x86_64\encore_app\encore_app.tlog\link.read.1.tlog
c:\work\encore\intermediate\debug-windows-x86_64\encore_app\encore_app.tlog\link.secondary.1.tlog
c:\work\encore\intermediate\debug-windows-x86_64\encore_app\encore_app.tlog\link.write.1.tlog
